# JRE version: OpenJDK Runtime Environment Temurin-17.0.7+7 (17.0.7+7) (build 17.0.7+7)
# Java VM: OpenJDK 64-Bit Server VM Temurin-17.0.7+7 (17.0.7+7, mixed mode, sharing, tiered, compressed oops, compressed class ptrs, g1 gc, windows-amd64)
GC Precious Log:
 CPUs: 16 total, 16 available
 Memory: 31997M
 Large Page Support: Disabled
 NUMA Support: Disabled
 Compressed Oops: Enabled (Zero based)
 Heap Region Size: 2M
 Heap Min Capacity: 512M
 Heap Initial Capacity: 512M
 Heap Max Capacity: 4072M
 Pre-touch: Disabled
 Parallel Workers: 13
 Concurrent Workers: 3
 Concurrent Refinement Workers: 13
 Periodic GC: Disabled
 String Deduplication is enabled
Heap:
 garbage-first heap   total 524288K, used 269089K [0x0000000701800000, 0x0000000800000000)
  region size 2048K, 34 young (69632K), 2 survivors (4096K)
 Metaspace       used 107126K, committed 107712K, reserved 1179648K
  class space    used 14607K, committed 14912K, reserved 1048576K
GC Heap History (20 events):
Event: 89274.509 GC heap before
{Heap before GC invocations=1675 (full 191):
 garbage-first heap   total 524288K, used 280812K [0x0000000701800000, 0x0000000800000000)
  region size 2048K, 40 young (81920K), 2 survivors (4096K)
 Metaspace       used 107087K, committed 107712K, reserved 1179648K
  class space    used 14604K, committed 14912K, reserved 1048576K
}
Event: 89274.512 GC heap after
{Heap after GC invocations=1676 (full 191):
 garbage-first heap   total 524288K, used 205051K [0x0000000701800000, 0x0000000800000000)
  region size 2048K, 2 young (4096K), 2 survivors (4096K)
 Metaspace       used 107087K, committed 107712K, reserved 1179648K
  class space    used 14604K, committed 14912K, reserved 1048576K
}
Event: 89286.601 GC heap before
{Heap before GC invocations=1676 (full 191):
 garbage-first heap   total 524288K, used 282875K [0x0000000701800000, 0x0000000800000000)
  region size 2048K, 40 young (81920K), 2 survivors (4096K)
 Metaspace       used 107087K, committed 107712K, reserved 1179648K
  class space    used 14604K, committed 14912K, reserved 1048576K
}
Event: 89286.603 GC heap after
{Heap after GC invocations=1677 (full 191):
 garbage-first heap   total 524288K, used 206829K [0x0000000701800000, 0x0000000800000000)
  region size 2048K, 3 young (6144K), 3 survivors (6144K)
 Metaspace       used 107087K, committed 107712K, reserved 1179648K
  class space    used 14604K, committed 14912K, reserved 1048576K
}
Event: 89288.646 GC heap before
{Heap before GC invocations=1677 (full 191):
 garbage-first heap   total 524288K, used 282605K [0x0000000701800000, 0x0000000800000000)
  region size 2048K, 40 young (81920K), 3 survivors (6144K)
 Metaspace       used 107087K, committed 107712K, reserved 1179648K
  class space    used 14604K, committed 14912K, reserved 1048576K
}
Event: 89288.649 GC heap after
{Heap after GC invocations=1678 (full 191):
 garbage-first heap   total 524288K, used 206248K [0x0000000701800000, 0x0000000800000000)
  region size 2048K, 2 young (4096K), 2 survivors (4096K)
 Metaspace       used 107087K, committed 107712K, reserved 1179648K
  class space    used 14604K, committed 14912K, reserved 1048576K
}
Event: 89300.695 GC heap before
{Heap before GC invocations=1678 (full 191):
 garbage-first heap   total 524288K, used 284072K [0x0000000701800000, 0x0000000800000000)
  region size 2048K, 40 young (81920K), 2 survivors (4096K)
 Metaspace       used 107109K, committed 107712K, reserved 1179648K
  class space    used 14607K, committed 14912K, reserved 1048576K
}
Event: 89300.698 GC heap after
{Heap after GC invocations=1679 (full 191):
 garbage-first heap   total 524288K, used 205516K [0x0000000701800000, 0x0000000800000000)
  region size 2048K, 2 young (4096K), 2 survivors (4096K)
 Metaspace       used 107109K, committed 107712K, reserved 1179648K
  class space    used 14607K, committed 14912K, reserved 1048576K
}
Event: 89303.773 GC heap before
{Heap before GC invocations=1679 (full 191):
 garbage-first heap   total 524288K, used 283340K [0x0000000701800000, 0x0000000800000000)
  region size 2048K, 40 young (81920K), 2 survivors (4096K)
 Metaspace       used 107109K, committed 107712K, reserved 1179648K
  class space    used 14607K, committed 14912K, reserved 1048576K
}
Event: 89303.775 GC heap after
{Heap after GC invocations=1680 (full 191):
 garbage-first heap   total 524288K, used 205360K [0x0000000701800000, 0x0000000800000000)
  region size 2048K, 2 young (4096K), 2 survivors (4096K)
 Metaspace       used 107109K, committed 107712K, reserved 1179648K
  class space    used 14607K, committed 14912K, reserved 1048576K
}
Event: 89310.177 GC heap before
{Heap before GC invocations=1680 (full 191):
 garbage-first heap   total 524288K, used 283184K [0x0000000701800000, 0x0000000800000000)
  region size 2048K, 40 young (81920K), 2 survivors (4096K)
 Metaspace       used 107111K, committed 107712K, reserved 1179648K
  class space    used 14607K, committed 14912K, reserved 1048576K
}
Event: 89310.179 GC heap after
{Heap after GC invocations=1681 (full 191):
 garbage-first heap   total 524288K, used 205302K [0x0000000701800000, 0x0000000800000000)
  region size 2048K, 2 young (4096K), 2 survivors (4096K)
 Metaspace       used 107111K, committed 107712K, reserved 1179648K
  class space    used 14607K, committed 14912K, reserved 1048576K
}
Event: 89312.797 GC heap before
{Heap before GC invocations=1681 (full 191):
 garbage-first heap   total 524288K, used 283126K [0x0000000701800000, 0x0000000800000000)
  region size 2048K, 40 young (81920K), 2 survivors (4096K)
 Metaspace       used 107111K, committed 107712K, reserved 1179648K
  class space    used 14607K, committed 14912K, reserved 1048576K
}
Event: 89312.799 GC heap after
{Heap after GC invocations=1682 (full 191):
 garbage-first heap   total 524288K, used 205373K [0x0000000701800000, 0x0000000800000000)
  region size 2048K, 2 young (4096K), 2 survivors (4096K)
 Metaspace       used 107111K, committed 107712K, reserved 1179648K
  class space    used 14607K, committed 14912K, reserved 1048576K
}
Event: 89326.641 GC heap before
{Heap before GC invocations=1682 (full 191):
 garbage-first heap   total 524288K, used 283197K [0x0000000701800000, 0x0000000800000000)
  region size 2048K, 40 young (81920K), 2 survivors (4096K)
 Metaspace       used 107111K, committed 107712K, reserved 1179648K
  class space    used 14607K, committed 14912K, reserved 1048576K
}
Event: 89326.643 GC heap after
{Heap after GC invocations=1683 (full 191):
 garbage-first heap   total 524288K, used 206048K [0x0000000701800000, 0x0000000800000000)
  region size 2048K, 2 young (4096K), 2 survivors (4096K)
 Metaspace       used 107111K, committed 107712K, reserved 1179648K
  class space    used 14607K, committed 14912K, reserved 1048576K
}
Event: 89365.978 GC heap before
{Heap before GC invocations=1683 (full 191):
 garbage-first heap   total 524288K, used 283872K [0x0000000701800000, 0x0000000800000000)
  region size 2048K, 40 young (81920K), 2 survivors (4096K)
 Metaspace       used 107113K, committed 107712K, reserved 1179648K
  class space    used 14607K, committed 14912K, reserved 1048576K
}
Event: 89365.981 GC heap after
{Heap after GC invocations=1684 (full 191):
 garbage-first heap   total 524288K, used 205507K [0x0000000701800000, 0x0000000800000000)
  region size 2048K, 2 young (4096K), 2 survivors (4096K)
 Metaspace       used 107113K, committed 107712K, reserved 1179648K
  class space    used 14607K, committed 14912K, reserved 1048576K
}
Event: 89401.699 GC heap before
{Heap before GC invocations=1684 (full 191):
 garbage-first heap   total 524288K, used 283331K [0x0000000701800000, 0x0000000800000000)
  region size 2048K, 40 young (81920K), 2 survivors (4096K)
 Metaspace       used 107119K, committed 107712K, reserved 1179648K
  class space    used 14607K, committed 14912K, reserved 1048576K
}
Event: 89401.701 GC heap after
{Heap after GC invocations=1685 (full 191):
 garbage-first heap   total 524288K, used 205601K [0x0000000701800000, 0x0000000800000000)
  region size 2048K, 2 young (4096K), 2 survivors (4096K)
 Metaspace       used 107119K, committed 107712K, reserved 1179648K
  class space    used 14607K, committed 14912K, reserved 1048576K
}

